17:32:17 - case.py - INFO - YAML测试用例路径D:\Code\Python\wjy\test_api\test_project_generate\b.yaml
17:32:17 - main_util.py - INFO - 模块>接口>用例:数据驱动>获取用户信息>1
17:32:17 - requests_util.py - INFO - 请求method参数:get
17:32:17 - requests_util.py - INFO - 请求url参数:http://localhost:8888/users/2
17:32:21 - case.py - INFO - YAML测试用例路径D:\Code\Python\wjy\test_api\test_project_generate\b.yaml
17:32:21 - main_util.py - INFO - 模块>接口>用例:数据驱动>获取用户信息>1
17:32:21 - requests_util.py - INFO - 请求method参数:get
17:32:21 - requests_util.py - INFO - 请求url参数:http://localhost:8888/users/3
17:32:25 - case.py - INFO - YAML测试用例路径D:\Code\Python\wjy\test_api\test_project_generate\b.yaml
17:32:25 - main_util.py - INFO - 模块>接口>用例:数据驱动>获取用户信息>1
17:32:25 - requests_util.py - INFO - 请求method参数:get
17:32:25 - requests_util.py - INFO - 请求url参数:http://localhost:8888/users/'4'
17:32:30 - case.py - INFO - YAML测试用例路径D:\Code\Python\wjy\test_api\test_project_generate\test_a.yaml
17:32:30 - main_util.py - INFO - 模块>接口>用例:核心模块>获取用户信息>2
17:32:30 - requests_util.py - INFO - 请求method参数:get
17:32:30 - requests_util.py - INFO - 请求url参数:http://localhost:8888/users/2
17:32:34 - case.py - INFO - YAML测试用例路径D:\Code\Python\wjy\test_api\test_project_generate\test_project.yaml
17:32:34 - main_util.py - INFO - 模块>接口>用例:核心模块>获取用户信息>3
17:32:34 - requests_util.py - INFO - 请求method参数:get
17:32:34 - requests_util.py - INFO - 请求url参数:http://localhost:8888/users/1773135154
