18:03:33 - test_all_case.py - INFO - YAML测试用例路径D:\Code\Python\wjy\test_api\test_project_generate\b.yaml
18:03:33 - main_util.py - INFO - 模块>接口>用例:数据驱动>获取用户信息>1
18:03:33 - requests_util.py - INFO - 请求method参数:get
18:03:33 - requests_util.py - INFO - 请求url参数:http://localhost:8888/users/2
18:03:35 - requests_util.py - INFO - 相应内容:{'status': 200, 'data': {'id': 2, 'name': '用户2', 'email': 'user2@example.com'}}
18:03:35 - main_util.py - WARNING - 此用例没有断言

18:03:35 - test_all_case.py - INFO - YAML测试用例路径D:\Code\Python\wjy\test_api\test_project_generate\b.yaml
18:03:35 - main_util.py - INFO - 模块>接口>用例:数据驱动>获取用户信息>1
18:03:35 - requests_util.py - INFO - 请求method参数:get
18:03:35 - requests_util.py - INFO - 请求url参数:http://localhost:8888/users/3
18:03:35 - requests_util.py - INFO - 相应内容:{'status': 200, 'data': {'id': 3, 'name': '用户3', 'email': 'user3@example.com'}}
18:03:35 - main_util.py - WARNING - 此用例没有断言

18:03:35 - test_all_case.py - INFO - YAML测试用例路径D:\Code\Python\wjy\test_api\test_project_generate\b.yaml
18:03:35 - main_util.py - INFO - 模块>接口>用例:数据驱动>获取用户信息>1
18:03:35 - requests_util.py - INFO - 请求method参数:get
18:03:35 - requests_util.py - INFO - 请求url参数:http://localhost:8888/users/'4'
18:03:35 - requests_util.py - INFO - 相应内容:{'detail': [{'type': 'int_parsing', 'loc': ['path', 'user_id'], 'msg': 'Input should be a valid integer, unable to parse string as an integer', 'input': "'4'"}]}
18:03:35 - main_util.py - WARNING - 此用例没有断言

18:03:35 - test_all_case.py - INFO - YAML测试用例路径D:\Code\Python\wjy\test_api\test_project_generate\test_a.yaml
18:03:35 - main_util.py - INFO - 模块>接口>用例:核心模块>获取用户信息>2
18:03:35 - requests_util.py - INFO - 请求method参数:get
18:03:35 - requests_util.py - INFO - 请求url参数:http://localhost:8888/users/2
18:03:35 - requests_util.py - INFO - 相应内容:{'status': 200, 'data': {'id': 2, 'name': '用户2', 'email': 'user2@example.com'}}
18:03:35 - main_util.py - INFO - 断言成功

18:03:35 - test_all_case.py - INFO - YAML测试用例路径D:\Code\Python\wjy\test_api\test_project_generate\test_project.yaml
18:03:35 - main_util.py - INFO - 模块>接口>用例:核心模块>获取用户信息>3
18:03:35 - requests_util.py - INFO - 请求method参数:get
18:03:35 - requests_util.py - INFO - 请求url参数:http://localhost:8888/users/1770890615
18:03:35 - requests_util.py - INFO - 相应内容:{'status': 200, 'data': {'id': 1770890615, 'name': '用户1770890615', 'email': 'user1770890615@example.com'}}
18:03:35 - main_util.py - WARNING - 此用例没有断言

18:03:35 - main_util.py - INFO - 模块>接口>用例:核心模块>获取系统状态信息>获取系统状态信息
18:03:35 - requests_util.py - INFO - 请求method参数:get
18:03:35 - requests_util.py - INFO - 请求url参数:http://localhost:8888/status
18:03:35 - requests_util.py - INFO - 相应内容:{'status': 200, 'data': {'status': 'running', 'timestamp': '2026-01-26T20:03:36.343570', 'version': '1.0.0'}}
18:03:35 - main_util.py - WARNING - 此用例没有断言

